#
# There is insufficient memory for the Java Runtime Environment to continue.
# Native memory allocation (mmap) failed to map 65011712 bytes for Failed to commit area from 0x00000000c2c00000 to 0x00000000c6a00000 of length 65011712.
# Possible reasons:
#   The system is out of physical RAM or swap space
#   The process is running with CompressedOops enabled, and the Java Heap may be blocking the growth of the native heap
# Possible solutions:
#   Reduce memory load on the system
#   Increase physical memory or swap space
#   Check if swap backing store is full
#   Decrease Java heap size (-Xmx/-Xms)
#   Decrease number of Java threads
#   Decrease Java thread stack sizes (-Xss)
#   Set larger code cache with -XX:ReservedCodeCacheSize=
# This output file may be truncated or incomplete.
#
#  Out of Memory Error (c:/BuildAgent/work/5ff2f6c26000d570/src/hotspot/os/windows/os_windows.cpp:3291), pid=24012, tid=23760
#
# JRE version:  (11.0.5+10) (build )
# Java VM: OpenJDK 64-Bit Server VM (11.0.5+10-b520.38, mixed mode, aot, sharing, tiered, compressed oops, g1 gc, windows-amd64)
# No core dump will be written. Minidumps are not enabled by default on client versions of Windows
#

---------------  S U M M A R Y ------------

Command Line: org.jetbrains.git4idea.http.GitAskPassApp Username for 'https://github.com': 

Host: Intel(R) Core(TM) i3-8145U CPU @ 2.10GHz, 4 cores, 3G,  Windows 10 , 64 bit Build 18362 (10.0.18362.900)
Time: Sat Jul 18 13:22:50 2020 GMT Daylight Time elapsed time: 0 seconds (0d 0h 0m 0s)

---------------  T H R E A D  ---------------

Current thread (0x00000221bb2da000):  JavaThread "Unknown thread" [_thread_in_vm, id=23760, stack(0x000000bcdfb00000,0x000000bcdfc00000)]

Stack: [0x000000bcdfb00000,0x000000bcdfc00000]
Native frames: (J=compiled Java code, j=interpreted, Vv=VM code, C=native code)
V  [jvm.dll+0x5dcafa]
V  [jvm.dll+0x70e375]
V  [jvm.dll+0x70f898]
V  [jvm.dll+0x70ff63]
V  [jvm.dll+0x23e238]
V  [jvm.dll+0x5da1c4]
V  [jvm.dll+0x5cf265]
V  [jvm.dll+0x2fac3b]
V  [jvm.dll+0x2fabaa]
V  [jvm.dll+0x2faa82]
V  [jvm.dll+0x2ff956]
V  [jvm.dll+0x3480d3]
V  [jvm.dll+0x3487d6]
V  [jvm.dll+0x3481d3]
V  [jvm.dll+0x2d5548]
V  [jvm.dll+0x2d66e7]
V  [jvm.dll+0x6ed237]
V  [jvm.dll+0x6eea2c]
V  [jvm.dll+0x355849]
V  [jvm.dll+0x6d239e]
V  [jvm.dll+0x3be283]
V  [jvm.dll+0x3c0701]
C  [jli.dll+0x5363]
C  [ucrtbase.dll+0x20e82]
C  [KERNEL32.DLL+0x17bd4]
C  [ntdll.dll+0x6ce51]


---------------  P R O C E S S  ---------------

Threads class SMR info:
_java_thread_list=0x00000221bb200cc0, length=0, elements={
}

Java Threads: ( => current thread )

Other Threads:
  0x00000221bb404800 GCTaskThread "GC Thread#0" [stack: 0x000000bcdfc00000,0x000000bcdfd00000] [id=12960]
  0x00000221bb422800 ConcurrentGCThread "G1 Main Marker" [stack: 0x000000bcdfd00000,0x000000bcdfe00000] [id=23740]
  0x00000221bb425000 ConcurrentGCThread "G1 Conc#0" [stack: 0x000000bcdfe00000,0x000000bcdff00000] [id=20012]

[error occurred during error reporting (printing all threads), id 0xc0000005, EXCEPTION_ACCESS_VIOLATION (0xc0000005) at pc=0x00007ff9a3145c17]

VM state:not at safepoint (not fully initialized)

VM Mutex/Monitor currently owned by a thread:  ([mutex/lock_event])
[0x00000221bb3efd00] Heap_lock - owner thread: 0x00000221bb2da000

Heap address: 0x00000000c2c00000, size: 980 MB, Compressed Oops mode: Non-zero based: 0x00000000c2c00000
Narrow klass base: 0x0000000000000000, Narrow klass shift: 0

GC Heap History (0 events):
No events

Deoptimization events (0 events):
No events

Classes redefined (0 events):
No events

Internal exceptions (0 events):
No events

Events (0 events):
No events


Dynamic libraries:
0x00007ff7581c0000 - 0x00007ff7581ca000 	C:\Users\HP\AppData\Local\JetBrains\Toolbox\apps\PyCharm-P\ch-0\193.6494.30\jbr\bin\java.exe
0x00007ffa0e4a0000 - 0x00007ffa0e690000 	C:\windows\SYSTEM32\ntdll.dll
0x00007ffa0de10000 - 0x00007ffa0dec2000 	C:\windows\System32\KERNEL32.DLL
0x00007ffa0b6a0000 - 0x00007ffa0b944000 	C:\windows\System32\KERNELBASE.dll
0x00007ffa0b9b0000 - 0x00007ffa0baaa000 	C:\windows\System32\ucrtbase.dll
0x00007ffa01790000 - 0x00007ffa017a7000 	C:\Users\HP\AppData\Local\JetBrains\Toolbox\apps\PyCharm-P\ch-0\193.6494.30\jbr\bin\VCRUNTIME140.dll
0x00007ffa001a0000 - 0x00007ffa001b9000 	C:\Users\HP\AppData\Local\JetBrains\Toolbox\apps\PyCharm-P\ch-0\193.6494.30\jbr\bin\jli.dll
0x00007ffa0e150000 - 0x00007ffa0e2e4000 	C:\windows\System32\USER32.dll
0x00007ffa0b430000 - 0x00007ffa0b451000 	C:\windows\System32\win32u.dll
0x00007ffa0da60000 - 0x00007ffa0da86000 	C:\windows\System32\GDI32.dll
0x00007ff9ec090000 - 0x00007ff9ec314000 	C:\windows\WinSxS\amd64_microsoft.windows.common-controls_6595b64144ccf1df_6.0.18362.900_none_e6beb9d913147d17\COMCTL32.dll
0x00007ffa0bb00000 - 0x00007ffa0bc95000 	C:\windows\System32\gdi32full.dll
0x00007ffa0e3c0000 - 0x00007ffa0e45e000 	C:\windows\System32\msvcrt.dll
0x00007ffa0b460000 - 0x00007ffa0b4fe000 	C:\windows\System32\msvcp_win.dll
0x00007ffa0d490000 - 0x00007ffa0d7c5000 	C:\windows\System32\combase.dll
0x00007ffa0db00000 - 0x00007ffa0dc20000 	C:\windows\System32\RPCRT4.dll
0x00007ffa0c4d0000 - 0x00007ffa0c550000 	C:\windows\System32\bcryptPrimitives.dll
0x00007ffa0df50000 - 0x00007ffa0df7e000 	C:\windows\System32\IMM32.DLL
0x00007ff9d1420000 - 0x00007ff9d14bd000 	C:\Users\HP\AppData\Local\JetBrains\Toolbox\apps\PyCharm-P\ch-0\193.6494.30\jbr\bin\msvcp140.dll
0x00007ff9a2e60000 - 0x00007ff9a391b000 	C:\Users\HP\AppData\Local\JetBrains\Toolbox\apps\PyCharm-P\ch-0\193.6494.30\jbr\bin\server\jvm.dll
0x00007ffa0dc20000 - 0x00007ffa0dcc3000 	C:\windows\System32\ADVAPI32.dll
0x00007ffa0df80000 - 0x00007ffa0e017000 	C:\windows\System32\sechost.dll
0x00007ffa0da50000 - 0x00007ffa0da58000 	C:\windows\System32\PSAPI.DLL
0x00007ff9ff2b0000 - 0x00007ff9ff2ba000 	C:\windows\SYSTEM32\VERSION.dll
0x00007ffa05690000 - 0x00007ffa056b4000 	C:\windows\SYSTEM32\WINMM.dll
0x00007ff9e0aa0000 - 0x00007ff9e0aa9000 	C:\windows\SYSTEM32\WSOCK32.dll
0x00007ffa055e0000 - 0x00007ffa0560d000 	C:\windows\SYSTEM32\WINMMBASE.dll
0x00007ffa0bab0000 - 0x00007ffa0bafa000 	C:\windows\System32\cfgmgr32.dll
0x00007ffa0da90000 - 0x00007ffa0daff000 	C:\windows\System32\WS2_32.dll
0x00007ffa0b390000 - 0x00007ffa0b3a1000 	C:\windows\System32\kernel.appcore.dll
0x00007ff9a2e40000 - 0x00007ff9a2e51000 	C:\Users\HP\AppData\Local\JetBrains\Toolbox\apps\PyCharm-P\ch-0\193.6494.30\jbr\bin\verify.dll
0x00007ffa062a0000 - 0x00007ffa06494000 	C:\windows\SYSTEM32\DBGHELP.DLL
0x00007ff9ed9d0000 - 0x00007ff9ed9fa000 	C:\windows\SYSTEM32\dbgcore.DLL
0x00007ff9a2e10000 - 0x00007ff9a2e39000 	C:\Users\HP\AppData\Local\JetBrains\Toolbox\apps\PyCharm-P\ch-0\193.6494.30\jbr\bin\java.dll
0x00007ff9a2df0000 - 0x00007ff9a2e07000 	C:\Users\HP\AppData\Local\JetBrains\Toolbox\apps\PyCharm-P\ch-0\193.6494.30\jbr\bin\zip.dll
0x00007ff9a3a20000 - 0x00007ff9a3a2b000 	C:\Users\HP\AppData\Local\JetBrains\Toolbox\apps\PyCharm-P\ch-0\193.6494.30\jbr\bin\jimage.dll

dbghelp: loaded successfully - version: 4.0.5 - missing functions: none
symbol engine: initialized successfully - sym options: 0x614 - pdb path: .;C:\Users\HP\AppData\Local\JetBrains\Toolbox\apps\PyCharm-P\ch-0\193.6494.30\jbr\bin;C:\windows\SYSTEM32;C:\windows\WinSxS\amd64_microsoft.windows.common-controls_6595b64144ccf1df_6.0.18362.900_none_e6beb9d913147d17;C:\Users\HP\AppData\Local\JetBrains\Toolbox\apps\PyCharm-P\ch-0\193.6494.30\jbr\bin\server

VM Arguments:
java_command: org.jetbrains.git4idea.http.GitAskPassApp Username for 'https://github.com': 
java_class_path (initial): C:/Users/HP/AppData/Local/JetBrains/Toolbox/apps/PyCharm-P/ch-0/193.6494.30/plugins/git4idea/lib/git4idea-rt.jar;C:/Users/HP/AppData/Local/JetBrains/Toolbox/apps/PyCharm-P/ch-0/193.6494.30/lib/xmlrpc-2.0.1.jar;C:/Users/HP/AppData/Local/JetBrains/Toolbox/apps/PyCharm-P/ch-0/193.6494.30/lib/commons-codec-1.13.jar;C:/Users/HP/AppData/Local/JetBrains/Toolbox/apps/PyCharm-P/ch-0/193.6494.30/lib/util.jar
Launcher Type: SUN_STANDARD

[Global flags]
     intx CICompilerCount                          = 3                                         {product} {ergonomic}
     uint ConcGCThreads                            = 1                                         {product} {ergonomic}
     uint G1ConcRefinementThreads                  = 4                                         {product} {ergonomic}
   size_t G1HeapRegionSize                         = 1048576                                   {product} {ergonomic}
    uintx GCDrainStackTargetSize                   = 64                                        {product} {ergonomic}
   size_t InitialHeapSize                          = 65011712                                  {product} {ergonomic}
   size_t MarkStackSize                            = 4194304                                   {product} {ergonomic}
   size_t MaxHeapSize                              = 1027604480                                {product} {ergonomic}
   size_t MinHeapDeltaBytes                        = 1048576                                   {product} {ergonomic}
    uintx NonNMethodCodeHeapSize                   = 5830732                                {pd product} {ergonomic}
    uintx NonProfiledCodeHeapSize                  = 122913754                              {pd product} {ergonomic}
    uintx ProfiledCodeHeapSize                     = 122913754                              {pd product} {ergonomic}
    uintx ReservedCodeCacheSize                    = 251658240                              {pd product} {ergonomic}
     bool SegmentedCodeCache                       = true                                      {product} {ergonomic}
     bool UseCompressedClassPointers               = true                                 {lp64_product} {ergonomic}
     bool UseCompressedOops                        = true                                 {lp64_product} {ergonomic}
     bool UseG1GC                                  = true                                      {product} {ergonomic}
     bool UseLargePagesIndividualAllocation        = false                                  {pd product} {ergonomic}

Logging:
Log output configuration:
 #0: stdout all=warning uptime,level,tags
 #1: stderr all=off uptime,level,tags

Environment Variables:
JAVA_HOME=C:\Program Files\Java\jdk-13.0.2
PATH=C:\Program Files\Git\mingw64\libexec\git-core;C:\Program Files\Git\mingw64\bin;C:\Program Files\Git\usr\bin;C:\Users\HP\bin;C:\windows\system32;C:\windows;C:\windows\System32\Wbem;C:\windows\System32\WindowsPowerShell\v1.0;C:\windows\System32\OpenSSH;C:\Program Files\dotnet;C:\Program Files\Microsoft SQL Server\130\Tools\Binn;C:\Program Files\Microsoft SQL Server\Client SDK\ODBC\170\Tools\Binn;C:\Program Files (x86)\Microsoft SQL Server\150\DTS\Binn;C:\Program Files\Git\cmd;C:\Program Files\Java\jdk-13.0.2\bin;C:\Program Files\Git LFS;C:\Program Files\Git\usr\bin\Git LFS;C:\Program Files (x86)\Google\Cloud SDK\google-cloud-sdk\bin;C:\Program Files\Java\jdk-13.0.2;C:\Users\HP\AppData\Local\Microsoft\WindowsApps;C:\Users\HP\AppData\Local\GitHubDesktop\bin;C:\Program Files\Docker Toolbox
USERNAME=HP
DISPLAY=:0.0
OS=Windows_NT
PROCESSOR_IDENTIFIER=Intel64 Family 6 Model 142 Stepping 11, GenuineIntel



---------------  S Y S T E M  ---------------

OS: Windows 10 , 64 bit Build 18362 (10.0.18362.900)

CPU:total 4 (initial active 4) (2 cores per cpu, 2 threads per core) family 6 model 142 stepping 11, cmov, cx8, fxsr, mmx, sse, sse2, sse3, ssse3, sse4.1, sse4.2, popcnt, avx, avx2, aes, clmul, erms, 3dnowpref, lzcnt, ht, tsc, tscinvbit, bmi1, bmi2, adx, fma

Memory: 4k page, system-wide physical 3917M (85M free)
TotalPageFile size 15693M (AvailPageFile size 19M)
current process WorkingSet (physical memory assigned to process): 9M, peak: 9M
current process commit charge ("private bytes"): 51M, peak: 113M

vm_info: OpenJDK 64-Bit Server VM (11.0.5+10-b520.38) for windows-amd64 JRE (11.0.5+10-b520.38), built on Jan 23 2020 07:58:32 by "" with MS VC++ 14.0 (VS2015)

END.
