#
# There is insufficient memory for the Java Runtime Environment to continue.
# Native memory allocation (mmap) failed to map 65011712 bytes for Failed to commit area from 0x00000000c2c00000 to 0x00000000c6a00000 of length 65011712.
# Possible reasons:
#   The system is out of physical RAM or swap space
#   The process is running with CompressedOops enabled, and the Java Heap may be blocking the growth of the native heap
# Possible solutions:
#   Reduce memory load on the system
#   Increase physical memory or swap space
#   Check if swap backing store is full
#   Decrease Java heap size (-Xmx/-Xms)
#   Decrease number of Java threads
#   Decrease Java thread stack sizes (-Xss)
#   Set larger code cache with -XX:ReservedCodeCacheSize=
# This output file may be truncated or incomplete.
#
#  Out of Memory Error (c:/BuildAgent/work/5ff2f6c26000d570/src/hotspot/os/windows/os_windows.cpp:3291), pid=12612, tid=5328
#
# JRE version:  (11.0.5+10) (build )
# Java VM: OpenJDK 64-Bit Server VM (11.0.5+10-b520.38, mixed mode, aot, sharing, tiered, compressed oops, g1 gc, windows-amd64)
# No core dump will be written. Minidumps are not enabled by default on client versions of Windows
#

---------------  S U M M A R Y ------------

Command Line: org.jetbrains.git4idea.http.GitAskPassApp Username for 'https://github.com': 

Host: Intel(R) Core(TM) i3-8145U CPU @ 2.10GHz, 4 cores, 3G,  Windows 10 , 64 bit Build 18362 (10.0.18362.959)
Time: Mon Jul 20 13:12:17 2020 GMT Daylight Time elapsed time: 0 seconds (0d 0h 0m 0s)

---------------  T H R E A D  ---------------

Current thread (0x0000024ed745b800):  JavaThread "Unknown thread" [_thread_in_vm, id=5328, stack(0x000000c518b00000,0x000000c518c00000)]

Stack: [0x000000c518b00000,0x000000c518c00000]
Native frames: (J=compiled Java code, j=interpreted, Vv=VM code, C=native code)
V  [jvm.dll+0x5dcafa]
V  [jvm.dll+0x70e375]
V  [jvm.dll+0x70f898]
V  [jvm.dll+0x70ff63]
V  [jvm.dll+0x23e238]
V  [jvm.dll+0x5da1c4]
V  [jvm.dll+0x5cf265]
V  [jvm.dll+0x2fac3b]
V  [jvm.dll+0x2fabaa]
V  [jvm.dll+0x2faa82]
V  [jvm.dll+0x2ff956]
V  [jvm.dll+0x3480d3]
V  [jvm.dll+0x3487d6]
V  [jvm.dll+0x3481d3]
V  [jvm.dll+0x2d5548]
V  [jvm.dll+0x2d66e7]
V  [jvm.dll+0x6ed237]
V  [jvm.dll+0x6eea2c]
V  [jvm.dll+0x355849]
V  [jvm.dll+0x6d239e]
V  [jvm.dll+0x3be283]
V  [jvm.dll+0x3c0701]
C  [jli.dll+0x5363]
C  [ucrtbase.dll+0x20e82]
C  [KERNEL32.DLL+0x17bd4]
C  [ntdll.dll+0x6ce51]


---------------  P R O C E S S  ---------------

Threads class SMR info:
_java_thread_list=0x0000024ed53b92e0, length=0, elements={
}

Java Threads: ( => current thread )

Other Threads:
  0x0000024ed7475000 GCTaskThread "GC Thread#0" [stack: 0x000000c518c00000,0x000000c518d00000] [id=13188]
  0x0000024ed748f800 ConcurrentGCThread "G1 Main Marker" [stack: 0x000000c518d00000,0x000000c518e00000] [id=7952]
  0x0000024ed7491800 ConcurrentGCThread "G1 Conc#0" [stack: 0x000000c518e00000,0x000000c518f00000] [id=12668]

[error occurred during error reporting (printing all threads), id 0xc0000005, EXCEPTION_ACCESS_VIOLATION (0xc0000005) at pc=0x00007ff9da9f5c17]

VM state:not at safepoint (not fully initialized)

VM Mutex/Monitor currently owned by a thread:  ([mutex/lock_event])
[0x0000024ed74592a0] Heap_lock - owner thread: 0x0000024ed745b800

Heap address: 0x00000000c2c00000, size: 980 MB, Compressed Oops mode: Non-zero based: 0x00000000c2c00000
Narrow klass base: 0x0000000000000000, Narrow klass shift: 0

GC Heap History (0 events):
No events

Deoptimization events (0 events):
No events

Classes redefined (0 events):
No events

Internal exceptions (0 events):
No events

Events (0 events):
No events


Dynamic libraries:
0x00007ff796640000 - 0x00007ff79664a000 	C:\Users\HP\AppData\Local\JetBrains\Toolbox\apps\PyCharm-P\ch-0\193.6494.30\jbr\bin\java.exe
0x00007ffa289c0000 - 0x00007ffa28bb0000 	C:\windows\SYSTEM32\ntdll.dll
0x00007ffa28820000 - 0x00007ffa288d2000 	C:\windows\System32\KERNEL32.DLL
0x00007ffa25b10000 - 0x00007ffa25db4000 	C:\windows\System32\KERNELBASE.dll
0x00007ffa26820000 - 0x00007ffa2691a000 	C:\windows\System32\ucrtbase.dll
0x00007ffa11da0000 - 0x00007ffa11db9000 	C:\Users\HP\AppData\Local\JetBrains\Toolbox\apps\PyCharm-P\ch-0\193.6494.30\jbr\bin\jli.dll
0x00007ffa28070000 - 0x00007ffa28204000 	C:\windows\System32\USER32.dll
0x00007ffa09a70000 - 0x00007ffa09a87000 	C:\Users\HP\AppData\Local\JetBrains\Toolbox\apps\PyCharm-P\ch-0\193.6494.30\jbr\bin\VCRUNTIME140.dll
0x00007ffa25ae0000 - 0x00007ffa25b01000 	C:\windows\System32\win32u.dll
0x00007ffa27e80000 - 0x00007ffa27ea6000 	C:\windows\System32\GDI32.dll
0x00007ffa25940000 - 0x00007ffa25ad6000 	C:\windows\System32\gdi32full.dll
0x00007ffa0b310000 - 0x00007ffa0b594000 	C:\windows\WinSxS\amd64_microsoft.windows.common-controls_6595b64144ccf1df_6.0.18362.959_none_e6c7bbbf130c62bb\COMCTL32.dll
0x00007ffa26780000 - 0x00007ffa2681e000 	C:\windows\System32\msvcp_win.dll
0x00007ffa27280000 - 0x00007ffa2731e000 	C:\windows\System32\msvcrt.dll
0x00007ffa27390000 - 0x00007ffa276c5000 	C:\windows\System32\combase.dll
0x00007ffa27160000 - 0x00007ffa27280000 	C:\windows\System32\RPCRT4.dll
0x00007ffa26680000 - 0x00007ffa26700000 	C:\windows\System32\bcryptPrimitives.dll
0x00007ffa28620000 - 0x00007ffa2864e000 	C:\windows\System32\IMM32.DLL
0x00007ff9eb700000 - 0x00007ff9eb79d000 	C:\Users\HP\AppData\Local\JetBrains\Toolbox\apps\PyCharm-P\ch-0\193.6494.30\jbr\bin\msvcp140.dll
0x00007ff9da710000 - 0x00007ff9db1cb000 	C:\Users\HP\AppData\Local\JetBrains\Toolbox\apps\PyCharm-P\ch-0\193.6494.30\jbr\bin\server\jvm.dll
0x00007ffa27dd0000 - 0x00007ffa27e73000 	C:\windows\System32\ADVAPI32.dll
0x00007ffa288e0000 - 0x00007ffa28977000 	C:\windows\System32\sechost.dll
0x00007ffa27dc0000 - 0x00007ffa27dc8000 	C:\windows\System32\PSAPI.DLL
0x00007ffa23860000 - 0x00007ffa23884000 	C:\windows\SYSTEM32\WINMM.dll
0x00007ffa20da0000 - 0x00007ffa20daa000 	C:\windows\SYSTEM32\VERSION.dll
0x00007ffa23830000 - 0x00007ffa2385d000 	C:\windows\SYSTEM32\WINMMBASE.dll
0x00007ffa25ea0000 - 0x00007ffa25eea000 	C:\windows\System32\cfgmgr32.dll
0x00007ffa11930000 - 0x00007ffa11939000 	C:\windows\SYSTEM32\WSOCK32.dll
0x00007ffa28210000 - 0x00007ffa2827f000 	C:\windows\System32\WS2_32.dll
0x00007ffa25880000 - 0x00007ffa25891000 	C:\windows\System32\kernel.appcore.dll
0x00007ff9f5f40000 - 0x00007ff9f5f51000 	C:\Users\HP\AppData\Local\JetBrains\Toolbox\apps\PyCharm-P\ch-0\193.6494.30\jbr\bin\verify.dll
0x00007ffa12120000 - 0x00007ffa12314000 	C:\windows\SYSTEM32\DBGHELP.DLL
0x00007ffa06750000 - 0x00007ffa0677a000 	C:\windows\SYSTEM32\dbgcore.DLL
0x00007ff9ebb20000 - 0x00007ff9ebb49000 	C:\Users\HP\AppData\Local\JetBrains\Toolbox\apps\PyCharm-P\ch-0\193.6494.30\jbr\bin\java.dll
0x00007ff9eab90000 - 0x00007ff9eaba7000 	C:\Users\HP\AppData\Local\JetBrains\Toolbox\apps\PyCharm-P\ch-0\193.6494.30\jbr\bin\zip.dll
0x00007ffa11600000 - 0x00007ffa1160b000 	C:\Users\HP\AppData\Local\JetBrains\Toolbox\apps\PyCharm-P\ch-0\193.6494.30\jbr\bin\jimage.dll

dbghelp: loaded successfully - version: 4.0.5 - missing functions: none
symbol engine: initialized successfully - sym options: 0x614 - pdb path: .;C:\Users\HP\AppData\Local\JetBrains\Toolbox\apps\PyCharm-P\ch-0\193.6494.30\jbr\bin;C:\windows\SYSTEM32;C:\windows\WinSxS\amd64_microsoft.windows.common-controls_6595b64144ccf1df_6.0.18362.959_none_e6c7bbbf130c62bb;C:\Users\HP\AppData\Local\JetBrains\Toolbox\apps\PyCharm-P\ch-0\193.6494.30\jbr\bin\server

VM Arguments:
java_command: org.jetbrains.git4idea.http.GitAskPassApp Username for 'https://github.com': 
java_class_path (initial): C:/Users/HP/AppData/Local/JetBrains/Toolbox/apps/PyCharm-P/ch-0/193.6494.30/plugins/git4idea/lib/git4idea-rt.jar;C:/Users/HP/AppData/Local/JetBrains/Toolbox/apps/PyCharm-P/ch-0/193.6494.30/lib/xmlrpc-2.0.1.jar;C:/Users/HP/AppData/Local/JetBrains/Toolbox/apps/PyCharm-P/ch-0/193.6494.30/lib/commons-codec-1.13.jar;C:/Users/HP/AppData/Local/JetBrains/Toolbox/apps/PyCharm-P/ch-0/193.6494.30/lib/util.jar
Launcher Type: SUN_STANDARD

[Global flags]
     intx CICompilerCount                          = 3                                         {product} {ergonomic}
     uint ConcGCThreads                            = 1                                         {product} {ergonomic}
     uint G1ConcRefinementThreads                  = 4                                         {product} {ergonomic}
   size_t G1HeapRegionSize                         = 1048576                                   {product} {ergonomic}
    uintx GCDrainStackTargetSize                   = 64                                        {product} {ergonomic}
   size_t InitialHeapSize                          = 65011712                                  {product} {ergonomic}
   size_t MarkStackSize                            = 4194304                                   {product} {ergonomic}
   size_t MaxHeapSize                              = 1027604480                                {product} {ergonomic}
   size_t MinHeapDeltaBytes                        = 1048576                                   {product} {ergonomic}
    uintx NonNMethodCodeHeapSize                   = 5830732                                {pd product} {ergonomic}
    uintx NonProfiledCodeHeapSize                  = 122913754                              {pd product} {ergonomic}
    uintx ProfiledCodeHeapSize                     = 122913754                              {pd product} {ergonomic}
    uintx ReservedCodeCacheSize                    = 251658240                              {pd product} {ergonomic}
     bool SegmentedCodeCache                       = true                                      {product} {ergonomic}
     bool UseCompressedClassPointers               = true                                 {lp64_product} {ergonomic}
     bool UseCompressedOops                        = true                                 {lp64_product} {ergonomic}
     bool UseG1GC                                  = true                                      {product} {ergonomic}
     bool UseLargePagesIndividualAllocation        = false                                  {pd product} {ergonomic}

Logging:
Log output configuration:
 #0: stdout all=warning uptime,level,tags
 #1: stderr all=off uptime,level,tags

Environment Variables:
JAVA_HOME=C:\Program Files\Java\jdk-13.0.2
PATH=C:\Program Files\Git\mingw64/libexec/git-core;C:\Program Files\Git\mingw64\bin;C:\Program Files\Git\usr\bin;C:\Users\HP\bin;C:\windows\system32;C:\windows;C:\windows\System32\Wbem;C:\windows\System32\WindowsPowerShell\v1.0\;C:\windows\System32\OpenSSH\;C:\Program Files\dotnet\;C:\Program Files\Microsoft SQL Server\130\Tools\Binn\;C:\Program Files\Microsoft SQL Server\Client SDK\ODBC\170\Tools\Binn\;C:\Program Files (x86)\Microsoft SQL Server\150\DTS\Binn\;C:\Program Files\Git\cmd;C:\Program Files\Java\jdk-13.0.2\bin;C:\Program Files\Git LFS;C:\Program Files\Git\bin\Git LFS;C:\Program Files (x86)\Google\Cloud SDK\google-cloud-sdk\bin;C:\Program Files\Java\jdk-13.0.2;C:\Users\HP\AppData\Local\Microsoft\WindowsApps;C:\Program Files\Docker Toolbox
USERNAME=HP
DISPLAY=:0.0
OS=Windows_NT
PROCESSOR_IDENTIFIER=Intel64 Family 6 Model 142 Stepping 11, GenuineIntel



---------------  S Y S T E M  ---------------

OS: Windows 10 , 64 bit Build 18362 (10.0.18362.959)

CPU:total 4 (initial active 4) (2 cores per cpu, 2 threads per core) family 6 model 142 stepping 11, cmov, cx8, fxsr, mmx, sse, sse2, sse3, ssse3, sse4.1, sse4.2, popcnt, avx, avx2, aes, clmul, erms, 3dnowpref, lzcnt, ht, tsc, tscinvbit, bmi1, bmi2, adx, fma

Memory: 4k page, system-wide physical 3917M (205M free)
TotalPageFile size 15693M (AvailPageFile size 44M)
current process WorkingSet (physical memory assigned to process): 9M, peak: 9M
current process commit charge ("private bytes"): 51M, peak: 113M

vm_info: OpenJDK 64-Bit Server VM (11.0.5+10-b520.38) for windows-amd64 JRE (11.0.5+10-b520.38), built on Jan 23 2020 07:58:32 by "" with MS VC++ 14.0 (VS2015)

END.
